<?xml version="1.0" encoding="UTF-8"?>
<!-- Generated by org.testng.reporters.JUnitReportReporter -->
<testsuite hostname="DESKTOP-A10C7RG" failures="0" tests="1" name="testClass.TestcaseGuru" time="17.651" errors="0" timestamp="2021-04-01T12:48:52 IST" skipped="0">
  <testcase classname="testClass.TestcaseGuru" name="test_Home_Page_Appear_Correct" time="17.651"/>
  <system-out/>
</testsuite> <!-- testClass.TestcaseGuru -->
